{"/home/jongdeug/Documents/Code/WebstormProjects/board-backend/src/domain/auth/auth.controller.ts": {"path":"/home/jongdeug/Documents/Code/WebstormProjects/board-backend/src/domain/auth/auth.controller.ts","statementMap":{"0":{"start":{"line":1,"column":0},"end":{"line":1,"column":66}},"1":{"start":{"line":2,"column":0},"end":{"line":2,"column":45}},"2":{"start":{"line":3,"column":0},"end":{"line":3,"column":46}},"3":{"start":{"line":4,"column":0},"end":{"line":4,"column":42}},"4":{"start":{"line":11,"column":33},"end":{"line":11,"column":57}},"5":{"start":{"line":12,"column":8},"end":{"line":12,"column":31}},"6":{"start":{"line":13,"column":8},"end":{"line":13,"column":28}},"7":{"start":{"line":14,"column":8},"end":{"line":14,"column":20}},"8":{"start":{"line":18,"column":8},"end":{"line":18,"column":90}},"9":{"start":{"line":19,"column":8},"end":{"line":19,"column":81}},"10":{"start":{"line":20,"column":8},"end":{"line":20,"column":61}},"11":{"start":{"line":21,"column":8},"end":{"line":21,"column":59}},"12":{"start":{"line":25,"column":8},"end":{"line":47,"column":9}},"13":{"start":{"line":27,"column":50},"end":{"line":27,"column":91}},"14":{"start":{"line":30,"column":12},"end":{"line":35,"column":15}},"15":{"start":{"line":36,"column":12},"end":{"line":41,"column":15}},"16":{"start":{"line":44,"column":12},"end":{"line":44,"column":57}},"17":{"start":{"line":46,"column":12},"end":{"line":46,"column":22}},"18":{"start":{"line":51,"column":8},"end":{"line":73,"column":9}},"19":{"start":{"line":53,"column":50},"end":{"line":53,"column":88}},"20":{"start":{"line":56,"column":12},"end":{"line":61,"column":15}},"21":{"start":{"line":62,"column":12},"end":{"line":67,"column":15}},"22":{"start":{"line":70,"column":12},"end":{"line":70,"column":56}},"23":{"start":{"line":72,"column":12},"end":{"line":72,"column":22}},"24":{"start":{"line":77,"column":8},"end":{"line":99,"column":9}},"25":{"start":{"line":79,"column":50},"end":{"line":79,"column":106}},"26":{"start":{"line":82,"column":12},"end":{"line":87,"column":15}},"27":{"start":{"line":88,"column":12},"end":{"line":93,"column":15}},"28":{"start":{"line":96,"column":12},"end":{"line":96,"column":58}},"29":{"start":{"line":98,"column":12},"end":{"line":98,"column":22}},"30":{"start":{"line":103,"column":8},"end":{"line":115,"column":9}},"31":{"start":{"line":105,"column":12},"end":{"line":105,"column":67}},"32":{"start":{"line":108,"column":12},"end":{"line":108,"column":44}},"33":{"start":{"line":109,"column":12},"end":{"line":109,"column":45}},"34":{"start":{"line":112,"column":12},"end":{"line":112,"column":57}},"35":{"start":{"line":114,"column":12},"end":{"line":114,"column":22}},"36":{"start":{"line":6,"column":0},"end":{"line":6,"column":13}},"37":{"start":{"line":119,"column":0},"end":{"line":119,"column":53}}},"fnMap":{"0":{"name":"(anonymous_7)","decl":{"start":{"line":11,"column":4},"end":{"line":11,"column":33}},"loc":{"start":{"line":11,"column":57},"end":{"line":15,"column":5}}},"1":{"name":"(anonymous_8)","decl":{"start":{"line":17,"column":4},"end":{"line":17,"column":8}},"loc":{"start":{"line":17,"column":8},"end":{"line":22,"column":5}}},"2":{"name":"(anonymous_9)","decl":{"start":{"line":24,"column":10},"end":{"line":24,"column":18}},"loc":{"start":{"line":24,"column":66},"end":{"line":48,"column":6}}},"3":{"name":"(anonymous_11)","decl":{"start":{"line":50,"column":10},"end":{"line":50,"column":15}},"loc":{"start":{"line":50,"column":63},"end":{"line":74,"column":6}}},"4":{"name":"(anonymous_13)","decl":{"start":{"line":76,"column":10},"end":{"line":76,"column":17}},"loc":{"start":{"line":76,"column":65},"end":{"line":100,"column":null}}},"5":{"name":"(anonymous_15)","decl":{"start":{"line":102,"column":10},"end":{"line":102,"column":16}},"loc":{"start":{"line":102,"column":64},"end":{"line":116,"column":null}}}},"branchMap":{},"s":{"0":1,"1":1,"2":1,"3":1,"4":14,"5":14,"6":14,"7":14,"8":14,"9":14,"10":14,"11":14,"12":3,"13":3,"14":1,"15":1,"16":1,"17":2,"18":3,"19":3,"20":1,"21":1,"22":1,"23":2,"24":4,"25":4,"26":1,"27":1,"28":1,"29":3,"30":3,"31":3,"32":2,"33":2,"34":2,"35":1,"36":1,"37":1},"f":{"0":14,"1":14,"2":3,"3":3,"4":4,"5":3},"b":{}}
,"/home/jongdeug/Documents/Code/WebstormProjects/board-backend/src/domain/auth/auth.service.ts": {"path":"/home/jongdeug/Documents/Code/WebstormProjects/board-backend/src/domain/auth/auth.service.ts","statementMap":{"0":{"start":{"line":1,"column":0},"end":{"line":1,"column":34}},"1":{"start":{"line":2,"column":0},"end":{"line":2,"column":28}},"2":{"start":{"line":3,"column":0},"end":{"line":3,"column":43}},"3":{"start":{"line":12,"column":24},"end":{"line":12,"column":87}},"4":{"start":{"line":15,"column":8},"end":{"line":15,"column":72}},"5":{"start":{"line":15,"column":21},"end":{"line":15,"column":72}},"6":{"start":{"line":18,"column":26},"end":{"line":18,"column":92}},"7":{"start":{"line":19,"column":21},"end":{"line":24,"column":10}},"8":{"start":{"line":27,"column":28},"end":{"line":27,"column":55}},"9":{"start":{"line":28,"column":29},"end":{"line":28,"column":55}},"10":{"start":{"line":31,"column":8},"end":{"line":34,"column":11}},"11":{"start":{"line":36,"column":8},"end":{"line":36,"column":45}},"12":{"start":{"line":41,"column":21},"end":{"line":43,"column":10}},"13":{"start":{"line":47,"column":8},"end":{"line":47,"column":70}},"14":{"start":{"line":47,"column":19},"end":{"line":47,"column":70}},"15":{"start":{"line":50,"column":26},"end":{"line":50,"column":76}},"16":{"start":{"line":53,"column":8},"end":{"line":53,"column":76}},"17":{"start":{"line":53,"column":24},"end":{"line":53,"column":76}},"18":{"start":{"line":56,"column":28},"end":{"line":56,"column":55}},"19":{"start":{"line":57,"column":29},"end":{"line":57,"column":55}},"20":{"start":{"line":60,"column":8},"end":{"line":63,"column":11}},"21":{"start":{"line":65,"column":8},"end":{"line":65,"column":45}},"22":{"start":{"line":71,"column":8},"end":{"line":71,"column":70}},"23":{"start":{"line":71,"column":20},"end":{"line":71,"column":70}},"24":{"start":{"line":74,"column":24},"end":{"line":74,"column":47}},"25":{"start":{"line":77,"column":8},"end":{"line":77,"column":102}},"26":{"start":{"line":77,"column":40},"end":{"line":77,"column":102}},"27":{"start":{"line":80,"column":29},"end":{"line":80,"column":111}},"28":{"start":{"line":82,"column":8},"end":{"line":82,"column":80}},"29":{"start":{"line":82,"column":27},"end":{"line":82,"column":80}},"30":{"start":{"line":85,"column":28},"end":{"line":85,"column":65}},"31":{"start":{"line":86,"column":29},"end":{"line":86,"column":65}},"32":{"start":{"line":89,"column":8},"end":{"line":92,"column":11}},"33":{"start":{"line":94,"column":8},"end":{"line":94,"column":45}},"34":{"start":{"line":99,"column":8},"end":{"line":99,"column":70}},"35":{"start":{"line":99,"column":20},"end":{"line":99,"column":70}},"36":{"start":{"line":103,"column":8},"end":{"line":107,"column":9}},"37":{"start":{"line":104,"column":12},"end":{"line":104,"column":120}},"38":{"start":{"line":106,"column":12},"end":{"line":106,"column":56}},"39":{"start":{"line":111,"column":21},"end":{"line":111,"column":82}},"40":{"start":{"line":112,"column":8},"end":{"line":117,"column":9}},"41":{"start":{"line":113,"column":12},"end":{"line":116,"column":15}},"42":{"start":{"line":126,"column":24},"end":{"line":130,"column":10}},"43":{"start":{"line":132,"column":8},"end":{"line":134,"column":11}},"44":{"start":{"line":138,"column":8},"end":{"line":143,"column":9}},"45":{"start":{"line":139,"column":12},"end":{"line":139,"column":89}},"46":{"start":{"line":142,"column":12},"end":{"line":142,"column":66}},"47":{"start":{"line":9,"column":0},"end":{"line":9,"column":13}}},"fnMap":{"0":{"name":"(anonymous_8)","decl":{"start":{"line":10,"column":10},"end":{"line":10,"column":18}},"loc":{"start":{"line":10,"column":35},"end":{"line":37,"column":null}}},"1":{"name":"(anonymous_10)","decl":{"start":{"line":39,"column":10},"end":{"line":39,"column":15}},"loc":{"start":{"line":39,"column":29},"end":{"line":66,"column":null}}},"2":{"name":"(anonymous_12)","decl":{"start":{"line":69,"column":10},"end":{"line":69,"column":17}},"loc":{"start":{"line":69,"column":43},"end":{"line":95,"column":null}}},"3":{"name":"(anonymous_14)","decl":{"start":{"line":97,"column":10},"end":{"line":97,"column":16}},"loc":{"start":{"line":97,"column":42},"end":{"line":118,"column":null}}},"4":{"name":"(anonymous_16)","decl":{"start":{"line":125,"column":4},"end":{"line":125,"column":13}},"loc":{"start":{"line":125,"column":71},"end":{"line":135,"column":5}}},"5":{"name":"(anonymous_17)","decl":{"start":{"line":137,"column":4},"end":{"line":137,"column":15}},"loc":{"start":{"line":137,"column":29},"end":{"line":144,"column":5}}}},"branchMap":{"0":{"loc":{"start":{"line":15,"column":8},"end":{"line":15,"column":72}},"type":"if","locations":[{"start":{"line":15,"column":8},"end":{"line":15,"column":72}}]},"1":{"loc":{"start":{"line":47,"column":8},"end":{"line":47,"column":70}},"type":"if","locations":[{"start":{"line":47,"column":8},"end":{"line":47,"column":70}}]},"2":{"loc":{"start":{"line":53,"column":8},"end":{"line":53,"column":76}},"type":"if","locations":[{"start":{"line":53,"column":8},"end":{"line":53,"column":76}}]},"3":{"loc":{"start":{"line":71,"column":8},"end":{"line":71,"column":70}},"type":"if","locations":[{"start":{"line":71,"column":8},"end":{"line":71,"column":70}}]},"4":{"loc":{"start":{"line":77,"column":8},"end":{"line":77,"column":102}},"type":"if","locations":[{"start":{"line":77,"column":8},"end":{"line":77,"column":102}}]},"5":{"loc":{"start":{"line":82,"column":8},"end":{"line":82,"column":80}},"type":"if","locations":[{"start":{"line":82,"column":8},"end":{"line":82,"column":80}}]},"6":{"loc":{"start":{"line":99,"column":8},"end":{"line":99,"column":70}},"type":"if","locations":[{"start":{"line":99,"column":8},"end":{"line":99,"column":70}}]},"7":{"loc":{"start":{"line":112,"column":8},"end":{"line":117,"column":9}},"type":"if","locations":[{"start":{"line":112,"column":8},"end":{"line":117,"column":9}}]},"8":{"loc":{"start":{"line":129,"column":18},"end":{"line":129,"column":55}},"type":"cond-expr","locations":[{"start":{"line":129,"column":35},"end":{"line":129,"column":44}},{"start":{"line":129,"column":47},"end":{"line":129,"column":55}}]},"9":{"loc":{"start":{"line":133,"column":23},"end":{"line":133,"column":51}},"type":"cond-expr","locations":[{"start":{"line":133,"column":40},"end":{"line":133,"column":44}},{"start":{"line":133,"column":47},"end":{"line":133,"column":51}}]}},"s":{"0":2,"1":2,"2":2,"3":2,"4":2,"5":1,"6":1,"7":1,"8":1,"9":1,"10":1,"11":1,"12":3,"13":3,"14":1,"15":2,"16":2,"17":1,"18":1,"19":1,"20":1,"21":1,"22":4,"23":1,"24":3,"25":3,"26":1,"27":2,"28":2,"29":1,"30":1,"31":1,"32":1,"33":1,"34":3,"35":1,"36":2,"37":2,"38":1,"39":1,"40":1,"41":1,"42":0,"43":0,"44":0,"45":0,"46":0,"47":2},"f":{"0":2,"1":3,"2":4,"3":3,"4":0,"5":0},"b":{"0":[1],"1":[1],"2":[1],"3":[1],"4":[1],"5":[1],"6":[1],"7":[1],"8":[0,0],"9":[0,0]}}
,"/home/jongdeug/Documents/Code/WebstormProjects/board-backend/src/domain/auth/dto/index.ts": {"path":"/home/jongdeug/Documents/Code/WebstormProjects/board-backend/src/domain/auth/dto/index.ts","statementMap":{"0":{"start":{"line":1,"column":0},"end":{"line":1,"column":31}},"1":{"start":{"line":2,"column":0},"end":{"line":2,"column":28}}},"fnMap":{},"branchMap":{},"s":{"0":1,"1":1},"f":{},"b":{}}
,"/home/jongdeug/Documents/Code/WebstormProjects/board-backend/src/domain/auth/dto/login.dto.ts": {"path":"/home/jongdeug/Documents/Code/WebstormProjects/board-backend/src/domain/auth/dto/login.dto.ts","statementMap":{"0":{"start":{"line":1,"column":0},"end":{"line":1,"column":64}},"1":{"start":{"line":3,"column":0},"end":{"line":3,"column":13}},"2":{"start":{"line":6,"column":4},"end":{"line":6,"column":null}},"3":{"start":{"line":10,"column":4},"end":{"line":10,"column":null}}},"fnMap":{},"branchMap":{},"s":{"0":1,"1":1,"2":1,"3":1},"f":{},"b":{}}
,"/home/jongdeug/Documents/Code/WebstormProjects/board-backend/src/domain/auth/dto/register.dto.ts": {"path":"/home/jongdeug/Documents/Code/WebstormProjects/board-backend/src/domain/auth/dto/register.dto.ts","statementMap":{"0":{"start":{"line":1,"column":0},"end":{"line":1,"column":76}},"1":{"start":{"line":3,"column":0},"end":{"line":3,"column":13}},"2":{"start":{"line":6,"column":4},"end":{"line":6,"column":null}},"3":{"start":{"line":10,"column":4},"end":{"line":10,"column":null}},"4":{"start":{"line":14,"column":4},"end":{"line":14,"column":null}},"5":{"start":{"line":18,"column":4},"end":{"line":18,"column":null}}},"fnMap":{},"branchMap":{},"s":{"0":1,"1":1,"2":1,"3":1,"4":1,"5":1},"f":{},"b":{}}
,"/home/jongdeug/Documents/Code/WebstormProjects/board-backend/src/middleware/index.ts": {"path":"/home/jongdeug/Documents/Code/WebstormProjects/board-backend/src/middleware/index.ts","statementMap":{"0":{"start":{"line":1,"column":0},"end":{"line":1,"column":30}},"1":{"start":{"line":2,"column":0},"end":{"line":2,"column":28}}},"fnMap":{},"branchMap":{},"s":{"0":1,"1":1},"f":{},"b":{}}
,"/home/jongdeug/Documents/Code/WebstormProjects/board-backend/src/middleware/jwtVerify.ts": {"path":"/home/jongdeug/Documents/Code/WebstormProjects/board-backend/src/middleware/jwtVerify.ts","statementMap":{"0":{"start":{"line":2,"column":0},"end":{"line":2,"column":34}},"1":{"start":{"line":3,"column":0},"end":{"line":3,"column":58}},"2":{"start":{"line":5,"column":41},"end":{"line":35,"column":2}},"3":{"start":{"line":5,"column":66},"end":{"line":35,"column":2}},"4":{"start":{"line":6,"column":4},"end":{"line":34,"column":5}},"5":{"start":{"line":8,"column":8},"end":{"line":8,"column":55}},"6":{"start":{"line":8,"column":41},"end":{"line":8,"column":55}},"7":{"start":{"line":11,"column":8},"end":{"line":14,"column":9}},"8":{"start":{"line":13,"column":12},"end":{"line":13,"column":69}},"9":{"start":{"line":15,"column":28},"end":{"line":15,"column":54}},"10":{"start":{"line":18,"column":28},"end":{"line":18,"column":45}},"11":{"start":{"line":19,"column":23},"end":{"line":19,"column":59}},"12":{"start":{"line":22,"column":21},"end":{"line":22,"column":82}},"13":{"start":{"line":26,"column":8},"end":{"line":28,"column":29}},"14":{"start":{"line":26,"column":19},"end":{"line":26,"column":74}},"15":{"start":{"line":28,"column":13},"end":{"line":28,"column":29}},"16":{"start":{"line":31,"column":8},"end":{"line":31,"column":15}},"17":{"start":{"line":33,"column":8},"end":{"line":33,"column":18}},"18":{"start":{"line":5,"column":13},"end":{"line":5,"column":41}}},"fnMap":{"0":{"name":"(anonymous_7)","decl":{"start":{"line":5,"column":41},"end":{"line":5,"column":48}},"loc":{"start":{"line":5,"column":66},"end":{"line":35,"column":2}}},"1":{"name":"(anonymous_8)","decl":{"start":{"line":5,"column":66},"end":{"line":5,"column":null}},"loc":{"start":{"line":5,"column":66},"end":{"line":35,"column":1}}}},"branchMap":{"0":{"loc":{"start":{"line":8,"column":8},"end":{"line":8,"column":55}},"type":"if","locations":[{"start":{"line":8,"column":8},"end":{"line":8,"column":55}}]},"1":{"loc":{"start":{"line":11,"column":8},"end":{"line":14,"column":9}},"type":"if","locations":[{"start":{"line":11,"column":8},"end":{"line":14,"column":9}}]},"2":{"loc":{"start":{"line":26,"column":8},"end":{"line":28,"column":29}},"type":"if","locations":[{"start":{"line":26,"column":8},"end":{"line":28,"column":29}},{"start":{"line":28,"column":13},"end":{"line":28,"column":29}}]}},"s":{"0":1,"1":1,"2":1,"3":0,"4":0,"5":0,"6":0,"7":0,"8":0,"9":0,"10":0,"11":0,"12":0,"13":0,"14":0,"15":0,"16":0,"17":0,"18":1},"f":{"0":0,"1":0},"b":{"0":[0],"1":[0],"2":[0,0]}}
,"/home/jongdeug/Documents/Code/WebstormProjects/board-backend/src/middleware/validateDto.ts": {"path":"/home/jongdeug/Documents/Code/WebstormProjects/board-backend/src/middleware/validateDto.ts","statementMap":{"0":{"start":{"line":1,"column":0},"end":{"line":1,"column":43}},"1":{"start":{"line":2,"column":0},"end":{"line":2,"column":52}},"2":{"start":{"line":7,"column":4},"end":{"line":25,"column":6}},"3":{"start":{"line":7,"column":69},"end":{"line":25,"column":6}},"4":{"start":{"line":9,"column":20},"end":{"line":9,"column":55}},"5":{"start":{"line":11,"column":23},"end":{"line":11,"column":42}},"6":{"start":{"line":13,"column":8},"end":{"line":21,"column":9}},"7":{"start":{"line":14,"column":34},"end":{"line":17,"column":25}},"8":{"start":{"line":16,"column":16},"end":{"line":16,"column":84}},"9":{"start":{"line":20,"column":12},"end":{"line":20,"column":58}},"10":{"start":{"line":24,"column":8},"end":{"line":24,"column":15}},"11":{"start":{"line":5,"column":0},"end":{"line":5,"column":16}}},"fnMap":{"0":{"name":"validateDto","decl":{"start":{"line":5,"column":16},"end":{"line":5,"column":27}},"loc":{"start":{"line":5,"column":41},"end":{"line":26,"column":1}}},"1":{"name":"(anonymous_8)","decl":{"start":{"line":7,"column":11},"end":{"line":7,"column":18}},"loc":{"start":{"line":7,"column":69},"end":{"line":25,"column":6}}},"2":{"name":"(anonymous_9)","decl":{"start":{"line":7,"column":69},"end":{"line":7,"column":null}},"loc":{"start":{"line":7,"column":69},"end":{"line":25,"column":5}}},"3":{"name":"(anonymous_10)","decl":{"start":{"line":14,"column":45},"end":{"line":14,"column":50}},"loc":{"start":{"line":16,"column":16},"end":{"line":16,"column":84}}}},"branchMap":{"0":{"loc":{"start":{"line":13,"column":8},"end":{"line":21,"column":9}},"type":"if","locations":[{"start":{"line":13,"column":8},"end":{"line":21,"column":9}}]}},"s":{"0":1,"1":1,"2":28,"3":0,"4":0,"5":0,"6":0,"7":0,"8":0,"9":0,"10":0,"11":1},"f":{"0":28,"1":0,"2":0,"3":0},"b":{"0":[0]}}
,"/home/jongdeug/Documents/Code/WebstormProjects/board-backend/src/utils/customError.ts": {"path":"/home/jongdeug/Documents/Code/WebstormProjects/board-backend/src/utils/customError.ts","statementMap":{"0":{"start":{"line":6,"column":8},"end":{"line":6,"column":23}},"1":{"start":{"line":7,"column":8},"end":{"line":7,"column":29}},"2":{"start":{"line":8,"column":8},"end":{"line":8,"column":51}},"3":{"start":{"line":1,"column":0},"end":{"line":1,"column":13}}},"fnMap":{"0":{"name":"(anonymous_0)","decl":{"start":{"line":5,"column":4},"end":{"line":5,"column":16}},"loc":{"start":{"line":5,"column":74},"end":{"line":9,"column":5}}}},"branchMap":{},"s":{"0":0,"1":0,"2":0,"3":3},"f":{"0":0},"b":{}}
,"/home/jongdeug/Documents/Code/WebstormProjects/board-backend/src/utils/index.ts": {"path":"/home/jongdeug/Documents/Code/WebstormProjects/board-backend/src/utils/index.ts","statementMap":{"0":{"start":{"line":1,"column":0},"end":{"line":1,"column":9}},"1":{"start":{"line":1,"column":9},"end":{"line":1,"column":28}},"2":{"start":{"line":2,"column":0},"end":{"line":2,"column":30}}},"fnMap":{"0":{"name":"(anonymous_5)","decl":{"start":{"line":1,"column":9},"end":{"line":1,"column":16}},"loc":{"start":{"line":1,"column":9},"end":{"line":1,"column":28}}}},"branchMap":{},"s":{"0":3,"1":18,"2":3},"f":{"0":15},"b":{}}
}
