{"/home/jongdeug/Documents/Code/WebstormProjects/blog-backend/src/domain/auth/auth.controller.ts": {"path":"/home/jongdeug/Documents/Code/WebstormProjects/blog-backend/src/domain/auth/auth.controller.ts","statementMap":{"0":{"start":{"line":1,"column":0},"end":{"line":1,"column":66}},"1":{"start":{"line":2,"column":0},"end":{"line":2,"column":45}},"2":{"start":{"line":3,"column":0},"end":{"line":3,"column":46}},"3":{"start":{"line":4,"column":0},"end":{"line":4,"column":42}},"4":{"start":{"line":11,"column":33},"end":{"line":11,"column":57}},"5":{"start":{"line":12,"column":8},"end":{"line":12,"column":31}},"6":{"start":{"line":13,"column":8},"end":{"line":13,"column":28}},"7":{"start":{"line":14,"column":8},"end":{"line":14,"column":20}},"8":{"start":{"line":18,"column":8},"end":{"line":18,"column":90}},"9":{"start":{"line":19,"column":8},"end":{"line":19,"column":81}},"10":{"start":{"line":20,"column":8},"end":{"line":20,"column":61}},"11":{"start":{"line":21,"column":8},"end":{"line":21,"column":59}},"12":{"start":{"line":25,"column":8},"end":{"line":47,"column":9}},"13":{"start":{"line":27,"column":50},"end":{"line":27,"column":91}},"14":{"start":{"line":30,"column":12},"end":{"line":35,"column":15}},"15":{"start":{"line":36,"column":12},"end":{"line":41,"column":15}},"16":{"start":{"line":44,"column":12},"end":{"line":44,"column":57}},"17":{"start":{"line":46,"column":12},"end":{"line":46,"column":22}},"18":{"start":{"line":51,"column":8},"end":{"line":73,"column":9}},"19":{"start":{"line":53,"column":50},"end":{"line":53,"column":88}},"20":{"start":{"line":56,"column":12},"end":{"line":61,"column":15}},"21":{"start":{"line":62,"column":12},"end":{"line":67,"column":15}},"22":{"start":{"line":70,"column":12},"end":{"line":70,"column":56}},"23":{"start":{"line":72,"column":12},"end":{"line":72,"column":22}},"24":{"start":{"line":77,"column":8},"end":{"line":99,"column":9}},"25":{"start":{"line":79,"column":50},"end":{"line":79,"column":106}},"26":{"start":{"line":82,"column":12},"end":{"line":87,"column":15}},"27":{"start":{"line":88,"column":12},"end":{"line":93,"column":15}},"28":{"start":{"line":96,"column":12},"end":{"line":96,"column":58}},"29":{"start":{"line":98,"column":12},"end":{"line":98,"column":22}},"30":{"start":{"line":103,"column":8},"end":{"line":115,"column":9}},"31":{"start":{"line":105,"column":12},"end":{"line":105,"column":67}},"32":{"start":{"line":108,"column":12},"end":{"line":108,"column":44}},"33":{"start":{"line":109,"column":12},"end":{"line":109,"column":45}},"34":{"start":{"line":112,"column":12},"end":{"line":112,"column":57}},"35":{"start":{"line":114,"column":12},"end":{"line":114,"column":22}},"36":{"start":{"line":6,"column":0},"end":{"line":6,"column":13}},"37":{"start":{"line":119,"column":0},"end":{"line":119,"column":53}}},"fnMap":{"0":{"name":"(anonymous_7)","decl":{"start":{"line":11,"column":4},"end":{"line":11,"column":33}},"loc":{"start":{"line":11,"column":57},"end":{"line":15,"column":5}}},"1":{"name":"(anonymous_8)","decl":{"start":{"line":17,"column":4},"end":{"line":17,"column":8}},"loc":{"start":{"line":17,"column":8},"end":{"line":22,"column":5}}},"2":{"name":"(anonymous_9)","decl":{"start":{"line":24,"column":10},"end":{"line":24,"column":18}},"loc":{"start":{"line":24,"column":66},"end":{"line":48,"column":6}}},"3":{"name":"(anonymous_11)","decl":{"start":{"line":50,"column":10},"end":{"line":50,"column":15}},"loc":{"start":{"line":50,"column":63},"end":{"line":74,"column":6}}},"4":{"name":"(anonymous_13)","decl":{"start":{"line":76,"column":10},"end":{"line":76,"column":17}},"loc":{"start":{"line":76,"column":65},"end":{"line":100,"column":null}}},"5":{"name":"(anonymous_15)","decl":{"start":{"line":102,"column":10},"end":{"line":102,"column":16}},"loc":{"start":{"line":102,"column":64},"end":{"line":116,"column":null}}}},"branchMap":{},"s":{"0":1,"1":1,"2":1,"3":1,"4":13,"5":13,"6":13,"7":13,"8":13,"9":13,"10":13,"11":13,"12":3,"13":3,"14":1,"15":1,"16":1,"17":2,"18":3,"19":3,"20":1,"21":1,"22":1,"23":2,"24":3,"25":3,"26":1,"27":1,"28":1,"29":2,"30":3,"31":3,"32":2,"33":2,"34":2,"35":1,"36":1,"37":1},"f":{"0":13,"1":13,"2":3,"3":3,"4":3,"5":3},"b":{}}
,"/home/jongdeug/Documents/Code/WebstormProjects/blog-backend/src/domain/auth/auth.service.ts": {"path":"/home/jongdeug/Documents/Code/WebstormProjects/blog-backend/src/domain/auth/auth.service.ts","statementMap":{"0":{"start":{"line":1,"column":0},"end":{"line":1,"column":47}},"1":{"start":{"line":2,"column":0},"end":{"line":2,"column":28}},"2":{"start":{"line":3,"column":0},"end":{"line":3,"column":43}},"3":{"start":{"line":12,"column":24},"end":{"line":12,"column":87}},"4":{"start":{"line":15,"column":8},"end":{"line":15,"column":72}},"5":{"start":{"line":15,"column":21},"end":{"line":15,"column":72}},"6":{"start":{"line":18,"column":26},"end":{"line":18,"column":92}},"7":{"start":{"line":19,"column":21},"end":{"line":24,"column":10}},"8":{"start":{"line":27,"column":28},"end":{"line":27,"column":55}},"9":{"start":{"line":28,"column":29},"end":{"line":28,"column":55}},"10":{"start":{"line":31,"column":8},"end":{"line":34,"column":11}},"11":{"start":{"line":36,"column":8},"end":{"line":36,"column":45}},"12":{"start":{"line":41,"column":21},"end":{"line":43,"column":10}},"13":{"start":{"line":47,"column":8},"end":{"line":47,"column":70}},"14":{"start":{"line":47,"column":19},"end":{"line":47,"column":70}},"15":{"start":{"line":50,"column":26},"end":{"line":50,"column":76}},"16":{"start":{"line":53,"column":8},"end":{"line":53,"column":76}},"17":{"start":{"line":53,"column":24},"end":{"line":53,"column":76}},"18":{"start":{"line":56,"column":28},"end":{"line":56,"column":55}},"19":{"start":{"line":57,"column":29},"end":{"line":57,"column":55}},"20":{"start":{"line":60,"column":8},"end":{"line":63,"column":11}},"21":{"start":{"line":65,"column":8},"end":{"line":65,"column":45}},"22":{"start":{"line":71,"column":8},"end":{"line":71,"column":70}},"23":{"start":{"line":71,"column":20},"end":{"line":71,"column":70}},"24":{"start":{"line":74,"column":24},"end":{"line":74,"column":47}},"25":{"start":{"line":77,"column":8},"end":{"line":77,"column":102}},"26":{"start":{"line":77,"column":40},"end":{"line":77,"column":102}},"27":{"start":{"line":80,"column":29},"end":{"line":80,"column":111}},"28":{"start":{"line":82,"column":8},"end":{"line":82,"column":80}},"29":{"start":{"line":82,"column":27},"end":{"line":82,"column":80}},"30":{"start":{"line":85,"column":28},"end":{"line":85,"column":65}},"31":{"start":{"line":86,"column":29},"end":{"line":86,"column":65}},"32":{"start":{"line":89,"column":8},"end":{"line":92,"column":11}},"33":{"start":{"line":94,"column":8},"end":{"line":94,"column":45}},"34":{"start":{"line":99,"column":8},"end":{"line":99,"column":70}},"35":{"start":{"line":99,"column":20},"end":{"line":99,"column":70}},"36":{"start":{"line":103,"column":8},"end":{"line":107,"column":9}},"37":{"start":{"line":104,"column":12},"end":{"line":104,"column":120}},"38":{"start":{"line":106,"column":12},"end":{"line":106,"column":56}},"39":{"start":{"line":110,"column":8},"end":{"line":110,"column":98}},"40":{"start":{"line":110,"column":39},"end":{"line":110,"column":98}},"41":{"start":{"line":114,"column":21},"end":{"line":114,"column":82}},"42":{"start":{"line":115,"column":8},"end":{"line":120,"column":9}},"43":{"start":{"line":116,"column":12},"end":{"line":119,"column":15}},"44":{"start":{"line":130,"column":21},"end":{"line":130,"column":78}},"45":{"start":{"line":132,"column":8},"end":{"line":136,"column":10}},"46":{"start":{"line":132,"column":19},"end":{"line":136,"column":10}},"47":{"start":{"line":138,"column":8},"end":{"line":138,"column":20}},"48":{"start":{"line":142,"column":24},"end":{"line":146,"column":10}},"49":{"start":{"line":148,"column":8},"end":{"line":150,"column":11}},"50":{"start":{"line":154,"column":8},"end":{"line":159,"column":9}},"51":{"start":{"line":155,"column":12},"end":{"line":155,"column":89}},"52":{"start":{"line":158,"column":12},"end":{"line":158,"column":66}},"53":{"start":{"line":9,"column":0},"end":{"line":9,"column":13}}},"fnMap":{"0":{"name":"(anonymous_8)","decl":{"start":{"line":10,"column":10},"end":{"line":10,"column":18}},"loc":{"start":{"line":10,"column":35},"end":{"line":37,"column":null}}},"1":{"name":"(anonymous_10)","decl":{"start":{"line":39,"column":10},"end":{"line":39,"column":15}},"loc":{"start":{"line":39,"column":29},"end":{"line":66,"column":null}}},"2":{"name":"(anonymous_12)","decl":{"start":{"line":69,"column":10},"end":{"line":69,"column":17}},"loc":{"start":{"line":69,"column":43},"end":{"line":95,"column":null}}},"3":{"name":"(anonymous_14)","decl":{"start":{"line":97,"column":10},"end":{"line":97,"column":16}},"loc":{"start":{"line":97,"column":42},"end":{"line":121,"column":null}}},"4":{"name":"(anonymous_16)","decl":{"start":{"line":129,"column":10},"end":{"line":129,"column":22}},"loc":{"start":{"line":129,"column":37},"end":{"line":139,"column":null}}},"5":{"name":"(anonymous_18)","decl":{"start":{"line":141,"column":4},"end":{"line":141,"column":13}},"loc":{"start":{"line":141,"column":71},"end":{"line":151,"column":5}}},"6":{"name":"(anonymous_19)","decl":{"start":{"line":153,"column":4},"end":{"line":153,"column":15}},"loc":{"start":{"line":153,"column":29},"end":{"line":160,"column":5}}}},"branchMap":{"0":{"loc":{"start":{"line":15,"column":8},"end":{"line":15,"column":72}},"type":"if","locations":[{"start":{"line":15,"column":8},"end":{"line":15,"column":72}}]},"1":{"loc":{"start":{"line":47,"column":8},"end":{"line":47,"column":70}},"type":"if","locations":[{"start":{"line":47,"column":8},"end":{"line":47,"column":70}}]},"2":{"loc":{"start":{"line":53,"column":8},"end":{"line":53,"column":76}},"type":"if","locations":[{"start":{"line":53,"column":8},"end":{"line":53,"column":76}}]},"3":{"loc":{"start":{"line":71,"column":8},"end":{"line":71,"column":70}},"type":"if","locations":[{"start":{"line":71,"column":8},"end":{"line":71,"column":70}}]},"4":{"loc":{"start":{"line":77,"column":8},"end":{"line":77,"column":102}},"type":"if","locations":[{"start":{"line":77,"column":8},"end":{"line":77,"column":102}}]},"5":{"loc":{"start":{"line":82,"column":8},"end":{"line":82,"column":80}},"type":"if","locations":[{"start":{"line":82,"column":8},"end":{"line":82,"column":80}}]},"6":{"loc":{"start":{"line":99,"column":8},"end":{"line":99,"column":70}},"type":"if","locations":[{"start":{"line":99,"column":8},"end":{"line":99,"column":70}}]},"7":{"loc":{"start":{"line":110,"column":8},"end":{"line":110,"column":98}},"type":"if","locations":[{"start":{"line":110,"column":8},"end":{"line":110,"column":98}}]},"8":{"loc":{"start":{"line":115,"column":8},"end":{"line":120,"column":9}},"type":"if","locations":[{"start":{"line":115,"column":8},"end":{"line":120,"column":9}}]},"9":{"loc":{"start":{"line":132,"column":8},"end":{"line":136,"column":10}},"type":"if","locations":[{"start":{"line":132,"column":8},"end":{"line":136,"column":10}}]},"10":{"loc":{"start":{"line":145,"column":18},"end":{"line":145,"column":55}},"type":"cond-expr","locations":[{"start":{"line":145,"column":35},"end":{"line":145,"column":44}},{"start":{"line":145,"column":47},"end":{"line":145,"column":55}}]},"11":{"loc":{"start":{"line":149,"column":23},"end":{"line":149,"column":51}},"type":"cond-expr","locations":[{"start":{"line":149,"column":40},"end":{"line":149,"column":44}},{"start":{"line":149,"column":47},"end":{"line":149,"column":51}}]}},"s":{"0":4,"1":4,"2":4,"3":2,"4":2,"5":1,"6":1,"7":1,"8":1,"9":1,"10":1,"11":1,"12":3,"13":3,"14":1,"15":2,"16":2,"17":1,"18":1,"19":1,"20":1,"21":1,"22":4,"23":1,"24":3,"25":3,"26":1,"27":2,"28":2,"29":1,"30":1,"31":1,"32":1,"33":1,"34":4,"35":1,"36":3,"37":3,"38":1,"39":2,"40":1,"41":1,"42":1,"43":1,"44":0,"45":0,"46":0,"47":0,"48":0,"49":0,"50":0,"51":0,"52":0,"53":4},"f":{"0":2,"1":3,"2":4,"3":4,"4":0,"5":0,"6":0},"b":{"0":[1],"1":[1],"2":[1],"3":[1],"4":[1],"5":[1],"6":[1],"7":[1],"8":[1],"9":[0],"10":[0,0],"11":[0,0]}}
,"/home/jongdeug/Documents/Code/WebstormProjects/blog-backend/src/domain/auth/dto/index.ts": {"path":"/home/jongdeug/Documents/Code/WebstormProjects/blog-backend/src/domain/auth/dto/index.ts","statementMap":{"0":{"start":{"line":1,"column":0},"end":{"line":1,"column":31}},"1":{"start":{"line":2,"column":0},"end":{"line":2,"column":28}}},"fnMap":{},"branchMap":{},"s":{"0":1,"1":1},"f":{},"b":{}}
,"/home/jongdeug/Documents/Code/WebstormProjects/blog-backend/src/domain/auth/dto/login.dto.ts": {"path":"/home/jongdeug/Documents/Code/WebstormProjects/blog-backend/src/domain/auth/dto/login.dto.ts","statementMap":{"0":{"start":{"line":1,"column":0},"end":{"line":1,"column":64}},"1":{"start":{"line":3,"column":0},"end":{"line":3,"column":13}},"2":{"start":{"line":6,"column":4},"end":{"line":6,"column":null}},"3":{"start":{"line":10,"column":4},"end":{"line":10,"column":null}}},"fnMap":{},"branchMap":{},"s":{"0":1,"1":1,"2":1,"3":1},"f":{},"b":{}}
,"/home/jongdeug/Documents/Code/WebstormProjects/blog-backend/src/domain/auth/dto/register.dto.ts": {"path":"/home/jongdeug/Documents/Code/WebstormProjects/blog-backend/src/domain/auth/dto/register.dto.ts","statementMap":{"0":{"start":{"line":1,"column":0},"end":{"line":1,"column":76}},"1":{"start":{"line":3,"column":0},"end":{"line":3,"column":13}},"2":{"start":{"line":6,"column":4},"end":{"line":6,"column":null}},"3":{"start":{"line":10,"column":4},"end":{"line":10,"column":null}},"4":{"start":{"line":14,"column":4},"end":{"line":14,"column":null}},"5":{"start":{"line":18,"column":4},"end":{"line":18,"column":null}}},"fnMap":{},"branchMap":{},"s":{"0":1,"1":1,"2":1,"3":1,"4":1,"5":1},"f":{},"b":{}}
,"/home/jongdeug/Documents/Code/WebstormProjects/blog-backend/src/domain/posts/posts.controller.ts": {"path":"/home/jongdeug/Documents/Code/WebstormProjects/blog-backend/src/domain/posts/posts.controller.ts","statementMap":{"0":{"start":{"line":1,"column":0},"end":{"line":1,"column":66}},"1":{"start":{"line":2,"column":0},"end":{"line":2,"column":47}},"2":{"start":{"line":3,"column":0},"end":{"line":3,"column":51}},"3":{"start":{"line":4,"column":0},"end":{"line":4,"column":38}},"4":{"start":{"line":5,"column":0},"end":{"line":5,"column":52}},"5":{"start":{"line":6,"column":0},"end":{"line":6,"column":43}},"6":{"start":{"line":7,"column":0},"end":{"line":7,"column":37}},"7":{"start":{"line":8,"column":0},"end":{"line":8,"column":37}},"8":{"start":{"line":14,"column":33},"end":{"line":14,"column":59}},"9":{"start":{"line":15,"column":8},"end":{"line":15,"column":29}},"10":{"start":{"line":16,"column":8},"end":{"line":16,"column":31}},"11":{"start":{"line":17,"column":8},"end":{"line":17,"column":20}},"12":{"start":{"line":21,"column":8},"end":{"line":21,"column":86}},"13":{"start":{"line":26,"column":8},"end":{"line":53,"column":9}},"14":{"start":{"line":28,"column":12},"end":{"line":30,"column":13}},"15":{"start":{"line":29,"column":16},"end":{"line":29,"column":81}},"16":{"start":{"line":34,"column":44},"end":{"line":34,"column":84}},"17":{"start":{"line":35,"column":26},"end":{"line":35,"column":60}},"18":{"start":{"line":36,"column":12},"end":{"line":36,"column":71}},"19":{"start":{"line":36,"column":49},"end":{"line":36,"column":68}},"20":{"start":{"line":37,"column":27},"end":{"line":37,"column":51}},"21":{"start":{"line":39,"column":12},"end":{"line":45,"column":13}},"22":{"start":{"line":40,"column":38},"end":{"line":43,"column":29}},"23":{"start":{"line":42,"column":20},"end":{"line":42,"column":88}},"24":{"start":{"line":44,"column":16},"end":{"line":44,"column":80}},"25":{"start":{"line":48,"column":27},"end":{"line":48,"column":84}},"26":{"start":{"line":50,"column":12},"end":{"line":50,"column":49}},"27":{"start":{"line":52,"column":12},"end":{"line":52,"column":22}},"28":{"start":{"line":10,"column":0},"end":{"line":10,"column":13}},"29":{"start":{"line":57,"column":0},"end":{"line":57,"column":72}}},"fnMap":{"0":{"name":"(anonymous_7)","decl":{"start":{"line":14,"column":4},"end":{"line":14,"column":33}},"loc":{"start":{"line":14,"column":59},"end":{"line":18,"column":5}}},"1":{"name":"(anonymous_8)","decl":{"start":{"line":20,"column":4},"end":{"line":20,"column":8}},"loc":{"start":{"line":20,"column":8},"end":{"line":22,"column":5}}},"2":{"name":"(anonymous_9)","decl":{"start":{"line":25,"column":10},"end":{"line":25,"column":20}},"loc":{"start":{"line":25,"column":68},"end":{"line":54,"column":null}}},"3":{"name":"(anonymous_11)","decl":{"start":{"line":36,"column":40},"end":{"line":36,"column":44}},"loc":{"start":{"line":36,"column":49},"end":{"line":36,"column":68}}},"4":{"name":"(anonymous_12)","decl":{"start":{"line":40,"column":49},"end":{"line":40,"column":54}},"loc":{"start":{"line":42,"column":20},"end":{"line":42,"column":88}}}},"branchMap":{"0":{"loc":{"start":{"line":28,"column":12},"end":{"line":30,"column":13}},"type":"if","locations":[{"start":{"line":28,"column":12},"end":{"line":30,"column":13}}]},"1":{"loc":{"start":{"line":39,"column":12},"end":{"line":45,"column":13}},"type":"if","locations":[{"start":{"line":39,"column":12},"end":{"line":45,"column":13}}]}},"s":{"0":1,"1":1,"2":1,"3":1,"4":1,"5":1,"6":1,"7":1,"8":5,"9":5,"10":5,"11":5,"12":5,"13":4,"14":4,"15":1,"16":3,"17":3,"18":3,"19":6,"20":3,"21":3,"22":1,"23":1,"24":1,"25":2,"26":1,"27":1,"28":1,"29":1},"f":{"0":5,"1":5,"2":4,"3":6,"4":1},"b":{"0":[1],"1":[1]}}
,"/home/jongdeug/Documents/Code/WebstormProjects/blog-backend/src/domain/posts/posts.service.ts": {"path":"/home/jongdeug/Documents/Code/WebstormProjects/blog-backend/src/domain/posts/posts.service.ts","statementMap":{"0":{"start":{"line":2,"column":0},"end":{"line":2,"column":47}},"1":{"start":{"line":6,"column":33},"end":{"line":6,"column":57}},"2":{"start":{"line":11,"column":21},"end":{"line":11,"column":64}},"3":{"start":{"line":14,"column":24},"end":{"line":68,"column":10}},"4":{"start":{"line":14,"column":71},"end":{"line":68,"column":10}},"5":{"start":{"line":16,"column":12},"end":{"line":20,"column":15}},"6":{"start":{"line":23,"column":25},"end":{"line":40,"column":14}},"7":{"start":{"line":36,"column":59},"end":{"line":36,"column":78}},"8":{"start":{"line":43,"column":12},"end":{"line":65,"column":13}},"9":{"start":{"line":45,"column":16},"end":{"line":64,"column":17}},"10":{"start":{"line":47,"column":20},"end":{"line":51,"column":23}},"11":{"start":{"line":54,"column":20},"end":{"line":63,"column":23}},"12":{"start":{"line":67,"column":12},"end":{"line":67,"column":24}},"13":{"start":{"line":70,"column":8},"end":{"line":70,"column":26}},"14":{"start":{"line":5,"column":0},"end":{"line":5,"column":13}}},"fnMap":{"0":{"name":"(anonymous_7)","decl":{"start":{"line":6,"column":4},"end":{"line":6,"column":33}},"loc":{"start":{"line":6,"column":57},"end":{"line":7,"column":5}}},"1":{"name":"(anonymous_8)","decl":{"start":{"line":9,"column":10},"end":{"line":9,"column":20}},"loc":{"start":{"line":9,"column":55},"end":{"line":71,"column":null}}},"2":{"name":"(anonymous_10)","decl":{"start":{"line":14,"column":52},"end":{"line":14,"column":59}},"loc":{"start":{"line":14,"column":71},"end":{"line":68,"column":10}}},"3":{"name":"(anonymous_11)","decl":{"start":{"line":14,"column":71},"end":{"line":14,"column":null}},"loc":{"start":{"line":14,"column":71},"end":{"line":68,"column":9}}},"4":{"name":"(anonymous_12)","decl":{"start":{"line":36,"column":49},"end":{"line":36,"column":54}},"loc":{"start":{"line":36,"column":59},"end":{"line":36,"column":78}}}},"branchMap":{"0":{"loc":{"start":{"line":43,"column":12},"end":{"line":65,"column":13}},"type":"if","locations":[{"start":{"line":43,"column":12},"end":{"line":65,"column":13}}]}},"s":{"0":2,"1":3,"2":3,"3":2,"4":2,"5":2,"6":2,"7":4,"8":1,"9":1,"10":2,"11":2,"12":1,"13":1,"14":2},"f":{"0":3,"1":3,"2":2,"3":2,"4":4},"b":{"0":[1]}}
,"/home/jongdeug/Documents/Code/WebstormProjects/blog-backend/src/domain/posts/dto/create-post.dto.ts": {"path":"/home/jongdeug/Documents/Code/WebstormProjects/blog-backend/src/domain/posts/dto/create-post.dto.ts","statementMap":{"0":{"start":{"line":1,"column":0},"end":{"line":1,"column":92}},"1":{"start":{"line":5,"column":0},"end":{"line":5,"column":13}},"2":{"start":{"line":8,"column":4},"end":{"line":8,"column":null}},"3":{"start":{"line":12,"column":4},"end":{"line":12,"column":null}},"4":{"start":{"line":16,"column":4},"end":{"line":16,"column":null}},"5":{"start":{"line":21,"column":4},"end":{"line":21,"column":null}},"6":{"start":{"line":24,"column":4},"end":{"line":24,"column":null}}},"fnMap":{},"branchMap":{},"s":{"0":1,"1":1,"2":1,"3":1,"4":1,"5":1,"6":1},"f":{},"b":{}}
,"/home/jongdeug/Documents/Code/WebstormProjects/blog-backend/src/domain/posts/dto/index.ts": {"path":"/home/jongdeug/Documents/Code/WebstormProjects/blog-backend/src/domain/posts/dto/index.ts","statementMap":{"0":{"start":{"line":1,"column":0},"end":{"line":1,"column":34}}},"fnMap":{},"branchMap":{},"s":{"0":1},"f":{},"b":{}}
,"/home/jongdeug/Documents/Code/WebstormProjects/blog-backend/src/middleware/index.ts": {"path":"/home/jongdeug/Documents/Code/WebstormProjects/blog-backend/src/middleware/index.ts","statementMap":{"0":{"start":{"line":1,"column":0},"end":{"line":1,"column":28}},"1":{"start":{"line":2,"column":0},"end":{"line":2,"column":25}},"2":{"start":{"line":3,"column":0},"end":{"line":3,"column":30}}},"fnMap":{},"branchMap":{},"s":{"0":3,"1":3,"2":3},"f":{},"b":{}}
,"/home/jongdeug/Documents/Code/WebstormProjects/blog-backend/src/middleware/jwtVerify.ts": {"path":"/home/jongdeug/Documents/Code/WebstormProjects/blog-backend/src/middleware/jwtVerify.ts","statementMap":{"0":{"start":{"line":2,"column":0},"end":{"line":2,"column":34}},"1":{"start":{"line":4,"column":0},"end":{"line":4,"column":43}},"2":{"start":{"line":6,"column":41},"end":{"line":45,"column":2}},"3":{"start":{"line":6,"column":66},"end":{"line":45,"column":2}},"4":{"start":{"line":7,"column":4},"end":{"line":44,"column":5}},"5":{"start":{"line":9,"column":8},"end":{"line":9,"column":55}},"6":{"start":{"line":9,"column":41},"end":{"line":9,"column":55}},"7":{"start":{"line":12,"column":8},"end":{"line":15,"column":9}},"8":{"start":{"line":14,"column":12},"end":{"line":14,"column":69}},"9":{"start":{"line":16,"column":28},"end":{"line":16,"column":54}},"10":{"start":{"line":20,"column":8},"end":{"line":24,"column":9}},"11":{"start":{"line":21,"column":12},"end":{"line":21,"column":98}},"12":{"start":{"line":23,"column":12},"end":{"line":23,"column":73}},"13":{"start":{"line":27,"column":8},"end":{"line":29,"column":9}},"14":{"start":{"line":28,"column":12},"end":{"line":28,"column":80}},"15":{"start":{"line":32,"column":21},"end":{"line":32,"column":83}},"16":{"start":{"line":36,"column":8},"end":{"line":38,"column":29}},"17":{"start":{"line":36,"column":19},"end":{"line":36,"column":74}},"18":{"start":{"line":38,"column":13},"end":{"line":38,"column":29}},"19":{"start":{"line":41,"column":8},"end":{"line":41,"column":15}},"20":{"start":{"line":43,"column":8},"end":{"line":43,"column":18}},"21":{"start":{"line":6,"column":13},"end":{"line":6,"column":41}}},"fnMap":{"0":{"name":"(anonymous_8)","decl":{"start":{"line":6,"column":41},"end":{"line":6,"column":48}},"loc":{"start":{"line":6,"column":66},"end":{"line":45,"column":2}}},"1":{"name":"(anonymous_9)","decl":{"start":{"line":6,"column":66},"end":{"line":6,"column":null}},"loc":{"start":{"line":6,"column":66},"end":{"line":45,"column":1}}}},"branchMap":{"0":{"loc":{"start":{"line":9,"column":8},"end":{"line":9,"column":55}},"type":"if","locations":[{"start":{"line":9,"column":8},"end":{"line":9,"column":55}}]},"1":{"loc":{"start":{"line":12,"column":8},"end":{"line":15,"column":9}},"type":"if","locations":[{"start":{"line":12,"column":8},"end":{"line":15,"column":9}}]},"2":{"loc":{"start":{"line":27,"column":8},"end":{"line":29,"column":9}},"type":"if","locations":[{"start":{"line":27,"column":8},"end":{"line":29,"column":9}}]},"3":{"loc":{"start":{"line":36,"column":8},"end":{"line":38,"column":29}},"type":"if","locations":[{"start":{"line":36,"column":8},"end":{"line":38,"column":29}},{"start":{"line":38,"column":13},"end":{"line":38,"column":29}}]}},"s":{"0":3,"1":3,"2":3,"3":6,"4":6,"5":6,"6":1,"7":5,"8":1,"9":4,"10":4,"11":4,"12":1,"13":3,"14":1,"15":2,"16":2,"17":1,"18":1,"19":1,"20":0,"21":3},"f":{"0":6,"1":6},"b":{"0":[1],"1":[1],"2":[1],"3":[1,1]}}
,"/home/jongdeug/Documents/Code/WebstormProjects/blog-backend/src/middleware/multer.ts": {"path":"/home/jongdeug/Documents/Code/WebstormProjects/blog-backend/src/middleware/multer.ts","statementMap":{"0":{"start":{"line":1,"column":0},"end":{"line":1,"column":28}},"1":{"start":{"line":4,"column":16},"end":{"line":11,"column":2}},"2":{"start":{"line":6,"column":8},"end":{"line":6,"column":29}},"3":{"start":{"line":9,"column":8},"end":{"line":9,"column":55}},"4":{"start":{"line":13,"column":13},"end":{"line":13,"column":51}}},"fnMap":{"0":{"name":"(anonymous_1)","decl":{"start":{"line":5,"column":17},"end":{"line":5,"column":18}},"loc":{"start":{"line":5,"column":35},"end":{"line":7,"column":5}}},"1":{"name":"(anonymous_2)","decl":{"start":{"line":8,"column":14},"end":{"line":8,"column":15}},"loc":{"start":{"line":8,"column":32},"end":{"line":10,"column":5}}}},"branchMap":{},"s":{"0":3,"1":3,"2":0,"3":0,"4":3},"f":{"0":0,"1":0},"b":{}}
,"/home/jongdeug/Documents/Code/WebstormProjects/blog-backend/src/middleware/validateDto.ts": {"path":"/home/jongdeug/Documents/Code/WebstormProjects/blog-backend/src/middleware/validateDto.ts","statementMap":{"0":{"start":{"line":1,"column":0},"end":{"line":1,"column":43}},"1":{"start":{"line":2,"column":0},"end":{"line":2,"column":52}},"2":{"start":{"line":7,"column":4},"end":{"line":25,"column":6}},"3":{"start":{"line":7,"column":69},"end":{"line":25,"column":6}},"4":{"start":{"line":9,"column":20},"end":{"line":9,"column":55}},"5":{"start":{"line":11,"column":23},"end":{"line":11,"column":42}},"6":{"start":{"line":13,"column":8},"end":{"line":21,"column":9}},"7":{"start":{"line":14,"column":34},"end":{"line":17,"column":25}},"8":{"start":{"line":16,"column":16},"end":{"line":16,"column":84}},"9":{"start":{"line":20,"column":12},"end":{"line":20,"column":58}},"10":{"start":{"line":24,"column":8},"end":{"line":24,"column":15}},"11":{"start":{"line":5,"column":0},"end":{"line":5,"column":16}}},"fnMap":{"0":{"name":"validateDto","decl":{"start":{"line":5,"column":16},"end":{"line":5,"column":27}},"loc":{"start":{"line":5,"column":41},"end":{"line":26,"column":1}}},"1":{"name":"(anonymous_8)","decl":{"start":{"line":7,"column":11},"end":{"line":7,"column":18}},"loc":{"start":{"line":7,"column":69},"end":{"line":25,"column":6}}},"2":{"name":"(anonymous_9)","decl":{"start":{"line":7,"column":69},"end":{"line":7,"column":null}},"loc":{"start":{"line":7,"column":69},"end":{"line":25,"column":5}}},"3":{"name":"(anonymous_10)","decl":{"start":{"line":14,"column":45},"end":{"line":14,"column":50}},"loc":{"start":{"line":16,"column":16},"end":{"line":16,"column":84}}}},"branchMap":{"0":{"loc":{"start":{"line":13,"column":8},"end":{"line":21,"column":9}},"type":"if","locations":[{"start":{"line":13,"column":8},"end":{"line":21,"column":9}}]}},"s":{"0":3,"1":3,"2":26,"3":0,"4":0,"5":0,"6":0,"7":0,"8":0,"9":0,"10":0,"11":3},"f":{"0":26,"1":0,"2":0,"3":0},"b":{"0":[0]}}
,"/home/jongdeug/Documents/Code/WebstormProjects/blog-backend/src/utils/customError.ts": {"path":"/home/jongdeug/Documents/Code/WebstormProjects/blog-backend/src/utils/customError.ts","statementMap":{"0":{"start":{"line":6,"column":8},"end":{"line":6,"column":23}},"1":{"start":{"line":7,"column":8},"end":{"line":7,"column":29}},"2":{"start":{"line":8,"column":8},"end":{"line":8,"column":51}},"3":{"start":{"line":1,"column":0},"end":{"line":1,"column":13}}},"fnMap":{"0":{"name":"(anonymous_0)","decl":{"start":{"line":5,"column":4},"end":{"line":5,"column":16}},"loc":{"start":{"line":5,"column":74},"end":{"line":9,"column":5}}}},"branchMap":{},"s":{"0":6,"1":6,"2":6,"3":9},"f":{"0":6},"b":{}}
,"/home/jongdeug/Documents/Code/WebstormProjects/blog-backend/src/utils/index.ts": {"path":"/home/jongdeug/Documents/Code/WebstormProjects/blog-backend/src/utils/index.ts","statementMap":{"0":{"start":{"line":1,"column":0},"end":{"line":1,"column":9}},"1":{"start":{"line":1,"column":9},"end":{"line":1,"column":28}},"2":{"start":{"line":2,"column":0},"end":{"line":2,"column":30}}},"fnMap":{"0":{"name":"(anonymous_5)","decl":{"start":{"line":1,"column":9},"end":{"line":1,"column":16}},"loc":{"start":{"line":1,"column":9},"end":{"line":1,"column":28}}}},"branchMap":{},"s":{"0":9,"1":31,"2":9},"f":{"0":22},"b":{}}
}
