TN:
SF:src/domain/auth/auth.controller.ts
FN:11,(anonymous_7)
FN:17,(anonymous_8)
FN:24,(anonymous_9)
FN:50,(anonymous_11)
FN:76,(anonymous_13)
FN:102,(anonymous_15)
FNF:6
FNH:6
FNDA:13,(anonymous_7)
FNDA:13,(anonymous_8)
FNDA:3,(anonymous_9)
FNDA:3,(anonymous_11)
FNDA:3,(anonymous_13)
FNDA:3,(anonymous_15)
DA:1,1
DA:2,1
DA:3,1
DA:4,1
DA:6,1
DA:11,13
DA:12,13
DA:13,13
DA:14,13
DA:18,13
DA:19,13
DA:20,13
DA:21,13
DA:25,3
DA:27,3
DA:30,1
DA:36,1
DA:44,1
DA:46,2
DA:51,3
DA:53,3
DA:56,1
DA:62,1
DA:70,1
DA:72,2
DA:77,3
DA:79,3
DA:82,1
DA:88,1
DA:96,1
DA:98,2
DA:103,3
DA:105,3
DA:108,2
DA:109,2
DA:112,2
DA:114,1
DA:119,1
LF:38
LH:38
BRF:0
BRH:0
end_of_record
TN:
SF:src/domain/auth/auth.service.ts
FN:10,(anonymous_8)
FN:39,(anonymous_10)
FN:69,(anonymous_12)
FN:97,(anonymous_14)
FN:128,(anonymous_16)
FN:140,(anonymous_17)
FNF:6
FNH:4
FNDA:2,(anonymous_8)
FNDA:3,(anonymous_10)
FNDA:4,(anonymous_12)
FNDA:4,(anonymous_14)
FNDA:0,(anonymous_16)
FNDA:0,(anonymous_17)
DA:1,2
DA:2,2
DA:3,2
DA:9,2
DA:12,2
DA:15,2
DA:18,1
DA:19,1
DA:27,1
DA:28,1
DA:31,1
DA:36,1
DA:41,3
DA:47,3
DA:50,2
DA:53,2
DA:56,1
DA:57,1
DA:60,1
DA:65,1
DA:71,4
DA:74,3
DA:77,3
DA:80,2
DA:82,2
DA:85,1
DA:86,1
DA:89,1
DA:94,1
DA:99,4
DA:103,3
DA:104,3
DA:106,1
DA:110,2
DA:114,1
DA:115,1
DA:116,1
DA:129,0
DA:135,0
DA:141,0
DA:142,0
DA:145,0
LF:42
LH:37
BRDA:15,0,0,1
BRDA:47,1,0,1
BRDA:53,2,0,1
BRDA:71,3,0,1
BRDA:77,4,0,1
BRDA:82,5,0,1
BRDA:99,6,0,1
BRDA:110,7,0,1
BRDA:115,8,0,1
BRDA:132,9,0,0
BRDA:132,9,1,0
BRDA:136,10,0,0
BRDA:136,10,1,0
BRF:13
BRH:9
end_of_record
TN:
SF:src/domain/auth/dto/index.ts
FNF:0
FNH:0
DA:1,1
DA:2,1
LF:2
LH:2
BRF:0
BRH:0
end_of_record
TN:
SF:src/domain/auth/dto/login.dto.ts
FNF:0
FNH:0
DA:1,1
DA:3,1
DA:6,1
DA:10,1
LF:4
LH:4
BRF:0
BRH:0
end_of_record
TN:
SF:src/domain/auth/dto/register.dto.ts
FNF:0
FNH:0
DA:1,1
DA:3,1
DA:6,1
DA:10,1
DA:14,1
DA:18,1
LF:6
LH:6
BRF:0
BRH:0
end_of_record
TN:
SF:src/middleware/index.ts
FNF:0
FNH:0
DA:1,1
DA:2,1
LF:2
LH:2
BRF:0
BRH:0
end_of_record
TN:
SF:src/middleware/jwtVerify.ts
FN:5,(anonymous_7)
FN:5,(anonymous_8)
FNF:2
FNH:0
FNDA:0,(anonymous_7)
FNDA:0,(anonymous_8)
DA:2,1
DA:3,1
DA:5,1
DA:6,0
DA:8,0
DA:11,0
DA:13,0
DA:15,0
DA:18,0
DA:19,0
DA:22,0
DA:26,0
DA:28,0
DA:31,0
DA:33,0
LF:15
LH:3
BRDA:8,0,0,0
BRDA:11,1,0,0
BRDA:26,2,0,0
BRDA:26,2,1,0
BRF:4
BRH:0
end_of_record
TN:
SF:src/middleware/validateDto.ts
FN:5,validateDto
FN:7,(anonymous_8)
FN:7,(anonymous_9)
FN:14,(anonymous_10)
FNF:4
FNH:1
FNDA:26,validateDto
FNDA:0,(anonymous_8)
FNDA:0,(anonymous_9)
FNDA:0,(anonymous_10)
DA:1,1
DA:2,1
DA:5,1
DA:7,26
DA:9,0
DA:11,0
DA:13,0
DA:14,0
DA:16,0
DA:20,0
DA:24,0
LF:11
LH:4
BRDA:13,0,0,0
BRF:1
BRH:0
end_of_record
TN:
SF:src/utils/customError.ts
FN:5,(anonymous_0)
FNF:1
FNH:0
FNDA:0,(anonymous_0)
DA:1,3
DA:6,0
DA:7,0
DA:8,0
LF:4
LH:1
BRF:0
BRH:0
end_of_record
TN:
SF:src/utils/index.ts
FN:1,(anonymous_5)
FNF:1
FNH:1
FNDA:15,(anonymous_5)
DA:1,18
DA:2,3
LF:2
LH:2
BRF:0
BRH:0
end_of_record
